mode: set
lab-hack-nexus-api/database/database.go:22.21,24.40 1 0
lab-hack-nexus-api/database/database.go:24.40,26.3 1 0
lab-hack-nexus-api/database/database.go:28.2,32.68 4 0
lab-hack-nexus-api/database/database.go:32.68,34.3 1 0
lab-hack-nexus-api/database/database.go:36.2,38.62 2 0
lab-hack-nexus-api/database/database.go:63.60,74.16 5 0
lab-hack-nexus-api/database/database.go:74.16,76.3 1 0
lab-hack-nexus-api/database/database.go:78.2,82.16 4 0
lab-hack-nexus-api/database/database.go:82.16,84.3 1 0
lab-hack-nexus-api/database/database.go:85.2,87.38 2 0
lab-hack-nexus-api/database/database.go:87.38,90.3 2 0
lab-hack-nexus-api/database/database.go:92.2,93.69 2 0
lab-hack-nexus-api/database/database.go:93.69,95.3 1 0
lab-hack-nexus-api/database/database.go:97.2,97.23 1 0
lab-hack-nexus-api/database/database.go:101.60,112.16 5 0
lab-hack-nexus-api/database/database.go:112.16,114.3 1 0
lab-hack-nexus-api/database/database.go:116.2,120.16 4 0
lab-hack-nexus-api/database/database.go:120.16,122.3 1 0
lab-hack-nexus-api/database/database.go:123.2,125.38 2 0
lab-hack-nexus-api/database/database.go:125.38,128.3 2 0
lab-hack-nexus-api/database/database.go:130.2,131.69 2 0
lab-hack-nexus-api/database/database.go:131.69,133.3 1 0
lab-hack-nexus-api/database/database.go:135.2,135.23 1 0
lab-hack-nexus-api/database/database.go:139.43,143.16 3 0
lab-hack-nexus-api/database/database.go:143.16,145.3 1 0
lab-hack-nexus-api/database/database.go:147.2,151.16 4 0
lab-hack-nexus-api/database/database.go:151.16,153.3 1 0
lab-hack-nexus-api/database/database.go:154.2,156.38 2 0
lab-hack-nexus-api/database/database.go:156.38,158.3 1 0
lab-hack-nexus-api/database/database.go:160.2,161.65 2 0
lab-hack-nexus-api/database/database.go:161.65,163.3 1 0
lab-hack-nexus-api/database/database.go:165.2,165.19 1 0
lab-hack-nexus-api/database/database.go:175.90,177.18 2 0
lab-hack-nexus-api/database/database.go:177.18,179.3 1 0
lab-hack-nexus-api/database/database.go:181.2,182.16 2 0
lab-hack-nexus-api/database/database.go:182.16,184.3 1 0
lab-hack-nexus-api/database/database.go:186.2,186.20 1 0
lab-hack-nexus-api/database/database.go:186.20,188.3 1 0
lab-hack-nexus-api/database/database.go:188.8,190.3 1 0
lab-hack-nexus-api/database/database.go:191.2,195.16 4 0
lab-hack-nexus-api/database/database.go:195.16,197.3 1 0
lab-hack-nexus-api/database/database.go:198.2,201.16 3 0
lab-hack-nexus-api/database/database.go:201.16,203.3 1 0
lab-hack-nexus-api/database/database.go:205.2,205.38 1 0
lab-hack-nexus-api/database/database.go:205.38,207.3 1 0
lab-hack-nexus-api/database/database.go:209.2,209.35 1 0
lab-hack-nexus-api/database/database.go:213.91,217.16 3 0
lab-hack-nexus-api/database/database.go:217.16,219.3 1 0
lab-hack-nexus-api/database/database.go:221.2,222.16 2 0
lab-hack-nexus-api/database/database.go:222.16,224.3 1 0
lab-hack-nexus-api/database/database.go:226.2,226.20 1 0
lab-hack-nexus-api/database/database.go:226.20,228.3 1 0
lab-hack-nexus-api/database/database.go:228.8,230.3 1 0
lab-hack-nexus-api/database/database.go:231.2,236.16 5 0
lab-hack-nexus-api/database/database.go:236.16,238.3 1 0
lab-hack-nexus-api/database/database.go:239.2,242.16 3 0
lab-hack-nexus-api/database/database.go:242.16,244.3 1 0
lab-hack-nexus-api/database/database.go:246.2,246.43 1 0
lab-hack-nexus-api/database/database.go:246.43,248.3 1 0
lab-hack-nexus-api/database/database.go:250.2,250.35 1 0
lab-hack-nexus-api/database/database.go:254.99,258.16 3 0
lab-hack-nexus-api/database/database.go:258.16,260.3 1 0
lab-hack-nexus-api/database/database.go:262.2,263.16 2 0
lab-hack-nexus-api/database/database.go:263.16,265.3 1 0
lab-hack-nexus-api/database/database.go:267.2,267.20 1 0
lab-hack-nexus-api/database/database.go:267.20,269.3 1 0
lab-hack-nexus-api/database/database.go:269.8,271.3 1 0
lab-hack-nexus-api/database/database.go:272.2,277.16 5 0
lab-hack-nexus-api/database/database.go:277.16,279.3 1 0
lab-hack-nexus-api/database/database.go:280.2,283.16 3 0
lab-hack-nexus-api/database/database.go:283.16,285.3 1 0
lab-hack-nexus-api/database/database.go:287.2,287.38 1 0
lab-hack-nexus-api/database/database.go:287.38,289.3 1 0
lab-hack-nexus-api/database/database.go:291.2,291.35 1 0
lab-hack-nexus-api/database/database.go:295.62,299.16 3 0
lab-hack-nexus-api/database/database.go:299.16,301.3 1 0
lab-hack-nexus-api/database/database.go:303.2,303.20 1 0
lab-hack-nexus-api/database/database.go:303.20,305.3 1 0
lab-hack-nexus-api/database/database.go:305.8,307.3 1 0
lab-hack-nexus-api/database/database.go:308.2,311.16 3 0
lab-hack-nexus-api/database/database.go:311.16,313.3 1 0
lab-hack-nexus-api/database/database.go:314.2,316.45 2 0
lab-hack-nexus-api/database/database.go:316.45,319.3 2 0
lab-hack-nexus-api/database/database.go:321.2,321.12 1 0
lab-hack-nexus-api/middleware/auth.go:16.39,17.30 1 0
lab-hack-nexus-api/middleware/auth.go:17.30,19.23 2 0
lab-hack-nexus-api/middleware/auth.go:19.23,26.4 3 0
lab-hack-nexus-api/middleware/auth.go:29.3,30.46 2 0
lab-hack-nexus-api/middleware/auth.go:30.46,37.4 3 0
lab-hack-nexus-api/middleware/auth.go:38.3,41.17 3 0
lab-hack-nexus-api/middleware/auth.go:41.17,48.4 3 0
lab-hack-nexus-api/middleware/auth.go:50.3,50.18 1 0
lab-hack-nexus-api/middleware/auth.go:50.18,57.4 3 0
lab-hack-nexus-api/middleware/auth.go:59.3,60.17 2 0
lab-hack-nexus-api/middleware/auth.go:60.17,67.4 3 0
lab-hack-nexus-api/middleware/auth.go:69.3,70.86 2 0
lab-hack-nexus-api/middleware/auth.go:70.86,77.4 3 0
lab-hack-nexus-api/middleware/auth.go:79.3,84.11 4 0
lab-hack-nexus-api/middleware/auth.go:89.61,90.49 1 0
lab-hack-nexus-api/middleware/auth.go:90.49,91.45 1 0
lab-hack-nexus-api/middleware/auth.go:91.45,93.4 1 0
lab-hack-nexus-api/middleware/auth.go:95.2,95.19 1 0
lab-hack-nexus-api/middleware/auth.go:99.40,100.46 1 0
lab-hack-nexus-api/middleware/auth.go:100.46,102.14 2 0
lab-hack-nexus-api/middleware/auth.go:102.14,109.4 3 0
lab-hack-nexus-api/middleware/auth.go:111.3,111.50 1 0
lab-hack-nexus-api/middleware/auth.go:111.50,118.4 3 0
lab-hack-nexus-api/middleware/auth.go:120.3,120.11 1 0
lab-hack-nexus-api/main.go:16.13,32.40 9 0
lab-hack-nexus-api/main.go:32.40,37.3 1 0
lab-hack-nexus-api/main.go:40.2,41.2 2 0
lab-hack-nexus-api/main.go:41.2,44.3 2 0
lab-hack-nexus-api/main.go:46.2,47.2 2 0
lab-hack-nexus-api/main.go:47.2,62.3 10 0
lab-hack-nexus-api/main.go:65.2,66.2 2 0
lab-hack-nexus-api/main.go:66.2,72.3 5 0
lab-hack-nexus-api/main.go:75.2,76.2 2 0
lab-hack-nexus-api/main.go:76.2,80.3 3 0
lab-hack-nexus-api/main.go:82.2,86.2 3 0
lab-hack-nexus-api/main.go:86.2,91.3 4 0
lab-hack-nexus-api/main.go:93.2,94.16 2 0
lab-hack-nexus-api/main.go:94.16,96.3 1 0
lab-hack-nexus-api/main.go:97.2,100.36 3 0
lab-hack-nexus-api/main.go:100.36,102.3 1 0
lab-hack-nexus-api/handlers/auth_new.go:16.31,18.47 2 0
lab-hack-nexus-api/handlers/auth_new.go:18.47,24.3 2 0
lab-hack-nexus-api/handlers/auth_new.go:27.2,28.16 2 0
lab-hack-nexus-api/handlers/auth_new.go:28.16,34.3 2 0
lab-hack-nexus-api/handlers/auth_new.go:36.2,36.25 1 0
lab-hack-nexus-api/handlers/auth_new.go:36.25,42.3 2 0
lab-hack-nexus-api/handlers/auth_new.go:45.2,46.25 2 0
lab-hack-nexus-api/handlers/auth_new.go:46.25,48.3 1 0
lab-hack-nexus-api/handlers/auth_new.go:48.8,50.60 1 0
lab-hack-nexus-api/handlers/auth_new.go:50.60,52.4 1 0
lab-hack-nexus-api/handlers/auth_new.go:55.2,69.16 5 0
lab-hack-nexus-api/handlers/auth_new.go:69.16,75.3 2 0
lab-hack-nexus-api/handlers/auth_new.go:77.2,78.87 2 0
lab-hack-nexus-api/handlers/auth_new.go:78.87,84.3 2 0
lab-hack-nexus-api/handlers/auth_new.go:86.2,95.4 2 0
lab-hack-nexus-api/handlers/auth_new.go:99.28,101.47 2 0
lab-hack-nexus-api/handlers/auth_new.go:101.47,107.3 2 0
lab-hack-nexus-api/handlers/auth_new.go:109.2,110.16 2 0
lab-hack-nexus-api/handlers/auth_new.go:110.16,116.3 2 0
lab-hack-nexus-api/handlers/auth_new.go:118.2,118.25 1 0
lab-hack-nexus-api/handlers/auth_new.go:118.25,124.3 2 0
lab-hack-nexus-api/handlers/auth_new.go:126.2,134.4 2 0
lab-hack-nexus-api/handlers/categories.go:16.37,18.16 2 0
lab-hack-nexus-api/handlers/categories.go:18.16,24.3 2 0
lab-hack-nexus-api/handlers/categories.go:26.2,27.58 2 0
lab-hack-nexus-api/handlers/categories.go:27.58,33.3 2 0
lab-hack-nexus-api/handlers/categories.go:35.2,35.35 1 0
lab-hack-nexus-api/handlers/categories.go:39.37,41.13 2 0
lab-hack-nexus-api/handlers/categories.go:41.13,46.3 2 0
lab-hack-nexus-api/handlers/categories.go:49.2,49.49 1 0
lab-hack-nexus-api/handlers/categories.go:49.49,55.3 2 0
lab-hack-nexus-api/handlers/categories.go:57.2,58.47 2 0
lab-hack-nexus-api/handlers/categories.go:58.47,64.3 2 0
lab-hack-nexus-api/handlers/categories.go:65.2,75.16 4 0
lab-hack-nexus-api/handlers/categories.go:75.16,81.3 2 0
lab-hack-nexus-api/handlers/categories.go:83.2,84.82 2 0
lab-hack-nexus-api/handlers/categories.go:84.82,90.3 2 0
lab-hack-nexus-api/handlers/categories.go:92.2,92.43 1 0
lab-hack-nexus-api/handlers/categories.go:96.34,100.16 3 0
lab-hack-nexus-api/handlers/categories.go:100.16,106.3 2 0
lab-hack-nexus-api/handlers/categories.go:108.2,109.82 2 0
lab-hack-nexus-api/handlers/categories.go:109.82,115.3 2 0
lab-hack-nexus-api/handlers/categories.go:117.2,117.38 1 0
lab-hack-nexus-api/handlers/categories.go:121.37,123.13 2 0
lab-hack-nexus-api/handlers/categories.go:123.13,128.3 2 0
lab-hack-nexus-api/handlers/categories.go:131.2,131.49 1 0
lab-hack-nexus-api/handlers/categories.go:131.49,137.3 2 0
lab-hack-nexus-api/handlers/categories.go:139.2,142.47 3 0
lab-hack-nexus-api/handlers/categories.go:142.47,148.3 2 0
lab-hack-nexus-api/handlers/categories.go:149.2,157.16 3 0
lab-hack-nexus-api/handlers/categories.go:157.16,163.3 2 0
lab-hack-nexus-api/handlers/categories.go:165.2,166.82 2 0
lab-hack-nexus-api/handlers/categories.go:166.82,172.3 2 0
lab-hack-nexus-api/handlers/categories.go:174.2,174.38 1 0
lab-hack-nexus-api/handlers/categories.go:178.37,180.13 2 0
lab-hack-nexus-api/handlers/categories.go:180.13,185.3 2 0
lab-hack-nexus-api/handlers/categories.go:188.2,188.49 1 0
lab-hack-nexus-api/handlers/categories.go:188.49,194.3 2 0
lab-hack-nexus-api/handlers/categories.go:195.2,198.16 3 0
lab-hack-nexus-api/handlers/categories.go:198.16,204.3 2 0
lab-hack-nexus-api/handlers/categories.go:206.2,206.74 1 0
lab-hack-nexus-api/handlers/comments.go:16.35,22.16 3 0
lab-hack-nexus-api/handlers/comments.go:22.16,28.3 2 0
lab-hack-nexus-api/handlers/comments.go:30.2,31.56 2 0
lab-hack-nexus-api/handlers/comments.go:31.56,37.3 2 0
lab-hack-nexus-api/handlers/comments.go:39.2,39.33 1 0
lab-hack-nexus-api/handlers/comments.go:43.36,45.13 2 0
lab-hack-nexus-api/handlers/comments.go:45.13,50.3 2 0
lab-hack-nexus-api/handlers/comments.go:52.2,55.47 3 0
lab-hack-nexus-api/handlers/comments.go:55.47,61.3 2 0
lab-hack-nexus-api/handlers/comments.go:62.2,72.16 4 0
lab-hack-nexus-api/handlers/comments.go:72.16,78.3 2 0
lab-hack-nexus-api/handlers/comments.go:80.2,81.78 2 0
lab-hack-nexus-api/handlers/comments.go:81.78,87.3 2 0
lab-hack-nexus-api/handlers/comments.go:89.2,89.41 1 0
lab-hack-nexus-api/handlers/comments.go:93.36,95.13 2 0
lab-hack-nexus-api/handlers/comments.go:95.13,100.3 2 0
lab-hack-nexus-api/handlers/comments.go:101.2,105.16 3 0
lab-hack-nexus-api/handlers/comments.go:105.16,111.3 2 0
lab-hack-nexus-api/handlers/comments.go:113.2,114.94 2 0
lab-hack-nexus-api/handlers/comments.go:114.94,120.3 2 0
lab-hack-nexus-api/handlers/comments.go:122.2,123.91 2 0
lab-hack-nexus-api/handlers/comments.go:123.91,129.3 2 0
lab-hack-nexus-api/handlers/comments.go:130.2,131.16 2 0
lab-hack-nexus-api/handlers/comments.go:131.16,137.3 2 0
lab-hack-nexus-api/handlers/comments.go:139.2,139.73 1 0
lab-hack-nexus-api/handlers/posts.go:19.32,27.30 7 0
lab-hack-nexus-api/handlers/posts.go:27.30,29.3 1 0
lab-hack-nexus-api/handlers/posts.go:31.2,32.30 2 0
lab-hack-nexus-api/handlers/posts.go:32.30,34.3 1 0
lab-hack-nexus-api/handlers/posts.go:37.2,39.19 2 0
lab-hack-nexus-api/handlers/posts.go:39.19,41.3 1 0
lab-hack-nexus-api/handlers/posts.go:43.2,43.20 1 0
lab-hack-nexus-api/handlers/posts.go:43.20,45.3 1 0
lab-hack-nexus-api/handlers/posts.go:47.2,47.20 1 0
lab-hack-nexus-api/handlers/posts.go:47.20,49.3 1 0
lab-hack-nexus-api/handlers/posts.go:52.2,59.16 6 0
lab-hack-nexus-api/handlers/posts.go:59.16,65.3 2 0
lab-hack-nexus-api/handlers/posts.go:67.2,68.53 2 0
lab-hack-nexus-api/handlers/posts.go:68.53,74.3 2 0
lab-hack-nexus-api/handlers/posts.go:76.2,76.30 1 0
lab-hack-nexus-api/handlers/posts.go:80.33,82.13 2 0
lab-hack-nexus-api/handlers/posts.go:82.13,87.3 2 0
lab-hack-nexus-api/handlers/posts.go:89.2,90.47 2 0
lab-hack-nexus-api/handlers/posts.go:90.47,96.3 2 0
lab-hack-nexus-api/handlers/posts.go:98.2,100.26 3 0
lab-hack-nexus-api/handlers/posts.go:100.26,102.3 1 0
lab-hack-nexus-api/handlers/posts.go:104.2,117.16 3 0
lab-hack-nexus-api/handlers/posts.go:117.16,123.3 2 0
lab-hack-nexus-api/handlers/posts.go:125.2,126.72 2 0
lab-hack-nexus-api/handlers/posts.go:126.72,132.3 2 0
lab-hack-nexus-api/handlers/posts.go:134.2,134.38 1 0
lab-hack-nexus-api/handlers/posts.go:138.30,142.16 3 0
lab-hack-nexus-api/handlers/posts.go:142.16,148.3 2 0
lab-hack-nexus-api/handlers/posts.go:150.2,151.72 2 0
lab-hack-nexus-api/handlers/posts.go:151.72,157.3 2 0
lab-hack-nexus-api/handlers/posts.go:159.2,159.33 1 0
lab-hack-nexus-api/handlers/posts.go:163.33,165.13 2 0
lab-hack-nexus-api/handlers/posts.go:165.13,170.3 2 0
lab-hack-nexus-api/handlers/posts.go:172.2,176.16 3 0
lab-hack-nexus-api/handlers/posts.go:176.16,182.3 2 0
lab-hack-nexus-api/handlers/posts.go:184.2,185.88 2 0
lab-hack-nexus-api/handlers/posts.go:185.88,191.3 2 0
lab-hack-nexus-api/handlers/posts.go:193.2,194.90 2 0
lab-hack-nexus-api/handlers/posts.go:194.90,200.3 2 0
lab-hack-nexus-api/handlers/posts.go:202.2,203.47 2 0
lab-hack-nexus-api/handlers/posts.go:203.47,209.3 2 0
lab-hack-nexus-api/handlers/posts.go:211.2,212.26 2 0
lab-hack-nexus-api/handlers/posts.go:212.26,214.3 1 0
lab-hack-nexus-api/handlers/posts.go:216.2,227.16 3 0
lab-hack-nexus-api/handlers/posts.go:227.16,233.3 2 0
lab-hack-nexus-api/handlers/posts.go:235.2,236.93 2 0
lab-hack-nexus-api/handlers/posts.go:236.93,242.3 2 0
lab-hack-nexus-api/handlers/posts.go:244.2,244.40 1 0
lab-hack-nexus-api/handlers/posts.go:248.33,250.13 2 0
lab-hack-nexus-api/handlers/posts.go:250.13,255.3 2 0
lab-hack-nexus-api/handlers/posts.go:257.2,261.16 3 0
lab-hack-nexus-api/handlers/posts.go:261.16,267.3 2 0
lab-hack-nexus-api/handlers/posts.go:269.2,270.88 2 0
lab-hack-nexus-api/handlers/posts.go:270.88,276.3 2 0
lab-hack-nexus-api/handlers/posts.go:278.2,279.90 2 0
lab-hack-nexus-api/handlers/posts.go:279.90,285.3 2 0
lab-hack-nexus-api/handlers/posts.go:287.2,288.16 2 0
lab-hack-nexus-api/handlers/posts.go:288.16,294.3 2 0
lab-hack-nexus-api/handlers/posts.go:296.2,296.70 1 0
lab-hack-nexus-api/handlers/profiles.go:16.33,20.16 3 0
lab-hack-nexus-api/handlers/profiles.go:20.16,26.3 2 0
lab-hack-nexus-api/handlers/profiles.go:28.2,29.78 2 0
lab-hack-nexus-api/handlers/profiles.go:29.78,35.3 2 0
lab-hack-nexus-api/handlers/profiles.go:37.2,37.36 1 0
lab-hack-nexus-api/handlers/profiles.go:41.36,43.13 2 0
lab-hack-nexus-api/handlers/profiles.go:43.13,48.3 2 0
lab-hack-nexus-api/handlers/profiles.go:50.2,53.75 2 0
lab-hack-nexus-api/handlers/profiles.go:53.75,59.3 2 0
lab-hack-nexus-api/handlers/profiles.go:61.2,62.47 2 0
lab-hack-nexus-api/handlers/profiles.go:62.47,68.3 2 0
lab-hack-nexus-api/handlers/profiles.go:70.2,74.25 2 0
lab-hack-nexus-api/handlers/profiles.go:74.25,76.3 1 0
lab-hack-nexus-api/handlers/profiles.go:77.2,77.20 1 0
lab-hack-nexus-api/handlers/profiles.go:77.20,79.3 1 0
lab-hack-nexus-api/handlers/profiles.go:80.2,80.26 1 0
lab-hack-nexus-api/handlers/profiles.go:80.26,82.3 1 0
lab-hack-nexus-api/handlers/profiles.go:84.2,85.16 2 0
lab-hack-nexus-api/handlers/profiles.go:85.16,91.3 2 0
lab-hack-nexus-api/handlers/profiles.go:93.2,94.92 2 0
lab-hack-nexus-api/handlers/profiles.go:94.92,100.3 2 0
lab-hack-nexus-api/handlers/profiles.go:102.2,102.43 1 0
lab-hack-nexus-api/handlers/profiles.go:106.40,108.13 2 0
lab-hack-nexus-api/handlers/profiles.go:108.13,114.3 2 0
lab-hack-nexus-api/handlers/profiles.go:116.2,117.16 2 0
lab-hack-nexus-api/handlers/profiles.go:117.16,123.3 2 0
lab-hack-nexus-api/handlers/profiles.go:125.2,126.78 2 0
lab-hack-nexus-api/handlers/profiles.go:126.78,132.3 2 0
lab-hack-nexus-api/handlers/profiles.go:134.2,134.36 1 0
lab-hack-nexus-api/handlers/saved_posts_new.go:16.31,18.13 2 0
lab-hack-nexus-api/handlers/saved_posts_new.go:18.13,23.3 2 0
lab-hack-nexus-api/handlers/saved_posts_new.go:25.2,29.16 3 0
lab-hack-nexus-api/handlers/saved_posts_new.go:29.16,35.3 2 0
lab-hack-nexus-api/handlers/saved_posts_new.go:37.2,38.72 2 0
lab-hack-nexus-api/handlers/saved_posts_new.go:38.72,44.3 2 0
lab-hack-nexus-api/handlers/saved_posts_new.go:47.2,48.16 2 0
lab-hack-nexus-api/handlers/saved_posts_new.go:48.16,50.75 2 0
lab-hack-nexus-api/handlers/saved_posts_new.go:50.75,56.4 2 0
lab-hack-nexus-api/handlers/saved_posts_new.go:59.2,67.16 4 0
lab-hack-nexus-api/handlers/saved_posts_new.go:67.16,73.3 2 0
lab-hack-nexus-api/handlers/saved_posts_new.go:75.2,75.68 1 0
lab-hack-nexus-api/handlers/saved_posts_new.go:79.33,81.13 2 0
lab-hack-nexus-api/handlers/saved_posts_new.go:81.13,86.3 2 0
lab-hack-nexus-api/handlers/saved_posts_new.go:88.2,91.16 3 0
lab-hack-nexus-api/handlers/saved_posts_new.go:91.16,97.3 2 0
lab-hack-nexus-api/handlers/saved_posts_new.go:99.2,99.70 1 0
lab-hack-nexus-api/handlers/saved_posts_new.go:103.37,105.13 2 0
lab-hack-nexus-api/handlers/saved_posts_new.go:105.13,110.3 2 0
lab-hack-nexus-api/handlers/saved_posts_new.go:113.2,114.16 2 0
lab-hack-nexus-api/handlers/saved_posts_new.go:114.16,120.3 2 0
lab-hack-nexus-api/handlers/saved_posts_new.go:122.2,123.58 2 0
lab-hack-nexus-api/handlers/saved_posts_new.go:123.58,129.3 2 0
lab-hack-nexus-api/handlers/saved_posts_new.go:131.2,131.35 1 0
lab-hack-nexus-api/handlers/saved_posts_new.go:135.34,137.2 1 0
lab-hack-nexus-api/handlers/saved_posts_new.go:140.36,142.2 1 0
lab-hack-nexus-api/handlers/website_content.go:15.40,19.16 3 0
lab-hack-nexus-api/handlers/website_content.go:19.16,25.3 2 0
lab-hack-nexus-api/handlers/website_content.go:27.2,28.76 2 0
lab-hack-nexus-api/handlers/website_content.go:28.76,34.3 2 0
lab-hack-nexus-api/handlers/website_content.go:36.2,36.35 1 0
lab-hack-nexus-api/handlers/website_content.go:40.43,42.13 2 0
lab-hack-nexus-api/handlers/website_content.go:42.13,48.3 2 0
lab-hack-nexus-api/handlers/website_content.go:51.2,52.16 2 0
lab-hack-nexus-api/handlers/website_content.go:52.16,58.3 2 0
lab-hack-nexus-api/handlers/website_content.go:60.2,61.82 2 0
lab-hack-nexus-api/handlers/website_content.go:61.82,67.3 2 0
lab-hack-nexus-api/handlers/website_content.go:69.2,70.49 2 0
lab-hack-nexus-api/handlers/website_content.go:70.49,76.3 2 0
lab-hack-nexus-api/handlers/website_content.go:78.2,79.51 2 0
lab-hack-nexus-api/handlers/website_content.go:79.51,85.3 2 0
lab-hack-nexus-api/handlers/website_content.go:87.2,92.16 5 0
lab-hack-nexus-api/handlers/website_content.go:92.16,98.3 2 0
lab-hack-nexus-api/handlers/website_content.go:100.2,100.37 1 0
lab-hack-nexus-api/handlers/website_content.go:104.43,106.13 2 0
lab-hack-nexus-api/handlers/website_content.go:106.13,112.3 2 0
lab-hack-nexus-api/handlers/website_content.go:115.2,116.16 2 0
lab-hack-nexus-api/handlers/website_content.go:116.16,122.3 2 0
lab-hack-nexus-api/handlers/website_content.go:124.2,125.82 2 0
lab-hack-nexus-api/handlers/website_content.go:125.82,131.3 2 0
lab-hack-nexus-api/handlers/website_content.go:133.2,134.49 2 0
lab-hack-nexus-api/handlers/website_content.go:134.49,140.3 2 0
lab-hack-nexus-api/handlers/website_content.go:142.2,144.51 3 0
lab-hack-nexus-api/handlers/website_content.go:144.51,150.3 2 0
lab-hack-nexus-api/handlers/website_content.go:152.2,155.16 3 0
lab-hack-nexus-api/handlers/website_content.go:155.16,161.3 2 0
lab-hack-nexus-api/handlers/website_content.go:164.2,165.16 2 0
lab-hack-nexus-api/handlers/website_content.go:165.16,171.3 2 0
lab-hack-nexus-api/handlers/website_content.go:173.2,174.76 2 0
lab-hack-nexus-api/handlers/website_content.go:174.76,180.3 2 0
lab-hack-nexus-api/handlers/website_content.go:182.2,182.35 1 0
lab-hack-nexus-api/handlers/website_content.go:186.43,188.13 2 0
lab-hack-nexus-api/handlers/website_content.go:188.13,194.3 2 0
lab-hack-nexus-api/handlers/website_content.go:197.2,198.16 2 0
lab-hack-nexus-api/handlers/website_content.go:198.16,204.3 2 0
lab-hack-nexus-api/handlers/website_content.go:206.2,207.82 2 0
lab-hack-nexus-api/handlers/website_content.go:207.82,213.3 2 0
lab-hack-nexus-api/handlers/website_content.go:215.2,216.49 2 0
lab-hack-nexus-api/handlers/website_content.go:216.49,222.3 2 0
lab-hack-nexus-api/handlers/website_content.go:224.2,226.16 3 0
lab-hack-nexus-api/handlers/website_content.go:226.16,232.3 2 0
lab-hack-nexus-api/handlers/website_content.go:234.2,234.73 1 0
